<?xml version="1.0" encoding="UTF-8"?>
<testsuite name="com.aor.numbers.ListAggregatorTest" tests="1" skipped="0" failures="0" errors="0" timestamp="2023-12-03T13:05:49" hostname="TOMAS-ESTEVES" time="0.312">
  <properties/>
  <testcase name="distinct()" classname="com.aor.numbers.ListAggregatorTest" time="0.312"/>
  <system-out><![CDATA[]]></system-out>
  <system-err><![CDATA[]]></system-err>
</testsuite>
