<?xml version="1.0" encoding="UTF-8"?>
<testsuite name="com.aor.numbers.PositiveFilterTest" tests="2" skipped="0" failures="0" errors="0" timestamp="2023-12-03T15:52:12" hostname="TOMAS-ESTEVES" time="0.003">
  <properties/>
  <testcase name="positive()" classname="com.aor.numbers.PositiveFilterTest" time="0.001"/>
  <testcase name="notPositive()" classname="com.aor.numbers.PositiveFilterTest" time="0.001"/>
  <system-out><![CDATA[]]></system-out>
  <system-err><![CDATA[]]></system-err>
</testsuite>
