<?xml version="1.0" encoding="UTF-8"?>
<testsuite name="com.aor.numbers.DivisibleByFilterTest" tests="1" skipped="0" failures="0" errors="0" timestamp="2023-12-03T15:52:11" hostname="TOMAS-ESTEVES" time="0.042">
  <properties/>
  <testcase name="divisibleBy5()" classname="com.aor.numbers.DivisibleByFilterTest" time="0.042"/>
  <system-out><![CDATA[]]></system-out>
  <system-err><![CDATA[]]></system-err>
</testsuite>
